<?xml version="1.0" encoding="UTF-8"?>
<!-- Generated by org.testng.reporters.JUnitXMLReporter -->
<testsuite hostname="LENOVO-PC" ignored="0" name="Test" tests="4" failures="1" timestamp="12 Aug 2020 13:13:13 GMT" time="42.424" errors="0">
  <testcase name="bookTicketForRedBus" time="7.574" classname="tests.RedBusHomePageTest"/>
  <testcase name="checkLogoOfHomePage" time="0.003" classname="tests.RedBusHomePageTest">
    <skipped/>
  </testcase> <!-- checkLogoOfHomePage -->
  <testcase name="checkTitle" time="0.033" classname="tests.RedBusHomePageTest">
    <failure type="java.lang.AssertionError" message="expected [ook Bus Travels, AC Volvo Bus, rPool &amp;amp; Bus Hire - redBus India] but found [Book Bus Travels, AC Volvo Bus, rPool &amp;amp; Bus Hire - redBus India]">
      <![CDATA[java.lang.AssertionError: expected [ook Bus Travels, AC Volvo Bus, rPool & Bus Hire - redBus India] but found [Book Bus Travels, AC Volvo Bus, rPool & Bus Hire - redBus India]
at tests.RedBusHomePageTest.checkTitle(RedBusHomePageTest.java:49)
... Removed 31 stack frames]]>
    </failure>
  </testcase> <!-- checkTitle -->
  <testcase name="clickOnBusHiretab" time="1.212" classname="tests.BusHireTest"/>
</testsuite> <!-- Test -->
