<?xml version="1.0" encoding="UTF-8"?>
<testng-results skipped="1" failed="1" ignored="0" total="4" passed="2">
  <reporter-output>
  </reporter-output>
  <suite name="Suite" duration-ms="42424" started-at="2020-08-12T13:12:30Z" finished-at="2020-08-12T13:13:13Z">
    <groups>
    </groups>
    <test name="Test" duration-ms="42424" started-at="2020-08-12T13:12:30Z" finished-at="2020-08-12T13:13:13Z">
      <class name="tests.RedBusHomePageTest">
        <test-method status="PASS" signature="launchDriver()[pri:0, instance:tests.RedBusHomePageTest@443118b0]" name="launchDriver" is-config="true" duration-ms="5964" started-at="2020-08-12T13:12:30Z" finished-at="2020-08-12T13:12:36Z">
          <reporter-output>
          </reporter-output>
        </test-method> <!-- launchDriver -->
        <test-method status="PASS" signature="launchURL()[pri:0, instance:tests.RedBusHomePageTest@443118b0]" name="launchURL" is-config="true" duration-ms="2373" started-at="2020-08-12T13:12:36Z" finished-at="2020-08-12T13:12:39Z">
          <reporter-output>
          </reporter-output>
        </test-method> <!-- launchURL -->
        <test-method status="PASS" signature="bookTicketForRedBus()[pri:0, instance:tests.RedBusHomePageTest@443118b0]" name="bookTicketForRedBus" duration-ms="7574" started-at="2020-08-12T13:12:39Z" finished-at="2020-08-12T13:12:46Z">
          <reporter-output>
          </reporter-output>
        </test-method> <!-- bookTicketForRedBus -->
        <test-method status="PASS" signature="launchURL()[pri:0, instance:tests.RedBusHomePageTest@443118b0]" name="launchURL" is-config="true" duration-ms="621" started-at="2020-08-12T13:12:46Z" finished-at="2020-08-12T13:12:47Z">
          <reporter-output>
          </reporter-output>
        </test-method> <!-- launchURL -->
        <test-method status="SKIP" signature="checkLogoOfHomePage()[pri:0, instance:tests.RedBusHomePageTest@443118b0]" name="checkLogoOfHomePage" duration-ms="3" started-at="2020-08-12T13:12:47Z" finished-at="2020-08-12T13:12:47Z">
          <exception class="org.testng.SkipException">
            <message>
              <![CDATA[implementation not done]]>
            </message>
            <full-stacktrace>
              <![CDATA[org.testng.SkipException: implementation not done
at tests.RedBusHomePageTest.checkLogoOfHomePage(RedBusHomePageTest.java:56)
at sun.reflect.NativeMethodAccessorImpl.invoke0(Native Method)
at sun.reflect.NativeMethodAccessorImpl.invoke(NativeMethodAccessorImpl.java:62)
at sun.reflect.DelegatingMethodAccessorImpl.invoke(DelegatingMethodAccessorImpl.java:43)
at java.lang.reflect.Method.invoke(Method.java:498)
at org.testng.internal.MethodInvocationHelper.invokeMethod(MethodInvocationHelper.java:124)
at org.testng.internal.Invoker.invokeMethod(Invoker.java:583)
at org.testng.internal.Invoker.invokeTestMethod(Invoker.java:719)
at org.testng.internal.Invoker.invokeTestMethods(Invoker.java:989)
at org.testng.internal.TestMethodWorker.invokeTestMethods(TestMethodWorker.java:125)
at org.testng.internal.TestMethodWorker.run(TestMethodWorker.java:109)
at org.testng.TestRunner.privateRun(TestRunner.java:648)
at org.testng.TestRunner.run(TestRunner.java:505)
at org.testng.SuiteRunner.runTest(SuiteRunner.java:455)
at org.testng.SuiteRunner.runSequentially(SuiteRunner.java:450)
at org.testng.SuiteRunner.privateRun(SuiteRunner.java:415)
at org.testng.SuiteRunner.run(SuiteRunner.java:364)
at org.testng.SuiteRunnerWorker.runSuite(SuiteRunnerWorker.java:52)
at org.testng.SuiteRunnerWorker.run(SuiteRunnerWorker.java:84)
at org.testng.TestNG.runSuitesSequentially(TestNG.java:1208)
at org.testng.TestNG.runSuitesLocally(TestNG.java:1137)
at org.testng.TestNG.runSuites(TestNG.java:1049)
at org.testng.TestNG.run(TestNG.java:1017)
at org.testng.remote.AbstractRemoteTestNG.run(AbstractRemoteTestNG.java:114)
at org.testng.remote.RemoteTestNG.initAndRun(RemoteTestNG.java:251)
at org.testng.remote.RemoteTestNG.main(RemoteTestNG.java:77)
]]>
            </full-stacktrace>
          </exception> <!-- org.testng.SkipException -->
          <reporter-output>
          </reporter-output>
        </test-method> <!-- checkLogoOfHomePage -->
        <test-method status="PASS" signature="launchURL()[pri:0, instance:tests.RedBusHomePageTest@443118b0]" name="launchURL" is-config="true" duration-ms="4242" started-at="2020-08-12T13:12:47Z" finished-at="2020-08-12T13:12:51Z">
          <reporter-output>
          </reporter-output>
        </test-method> <!-- launchURL -->
        <test-method status="FAIL" signature="checkTitle()[pri:0, instance:tests.RedBusHomePageTest@443118b0]" name="checkTitle" duration-ms="33" started-at="2020-08-12T13:12:51Z" finished-at="2020-08-12T13:12:51Z">
          <exception class="java.lang.AssertionError">
            <message>
              <![CDATA[expected [ook Bus Travels, AC Volvo Bus, rPool & Bus Hire - redBus India] but found [Book Bus Travels, AC Volvo Bus, rPool & Bus Hire - redBus India]]]>
            </message>
            <full-stacktrace>
              <![CDATA[java.lang.AssertionError: expected [ook Bus Travels, AC Volvo Bus, rPool & Bus Hire - redBus India] but found [Book Bus Travels, AC Volvo Bus, rPool & Bus Hire - redBus India]
at org.testng.Assert.fail(Assert.java:96)
at org.testng.Assert.failNotEquals(Assert.java:776)
at org.testng.Assert.assertEqualsImpl(Assert.java:137)
at org.testng.Assert.assertEquals(Assert.java:118)
at org.testng.Assert.assertEquals(Assert.java:453)
at org.testng.Assert.assertEquals(Assert.java:463)
at tests.RedBusHomePageTest.checkTitle(RedBusHomePageTest.java:49)
at sun.reflect.NativeMethodAccessorImpl.invoke0(Native Method)
at sun.reflect.NativeMethodAccessorImpl.invoke(NativeMethodAccessorImpl.java:62)
at sun.reflect.DelegatingMethodAccessorImpl.invoke(DelegatingMethodAccessorImpl.java:43)
at java.lang.reflect.Method.invoke(Method.java:498)
at org.testng.internal.MethodInvocationHelper.invokeMethod(MethodInvocationHelper.java:124)
at org.testng.internal.Invoker.invokeMethod(Invoker.java:583)
at org.testng.internal.Invoker.invokeTestMethod(Invoker.java:719)
at org.testng.internal.Invoker.invokeTestMethods(Invoker.java:989)
at org.testng.internal.TestMethodWorker.invokeTestMethods(TestMethodWorker.java:125)
at org.testng.internal.TestMethodWorker.run(TestMethodWorker.java:109)
at org.testng.TestRunner.privateRun(TestRunner.java:648)
at org.testng.TestRunner.run(TestRunner.java:505)
at org.testng.SuiteRunner.runTest(SuiteRunner.java:455)
at org.testng.SuiteRunner.runSequentially(SuiteRunner.java:450)
at org.testng.SuiteRunner.privateRun(SuiteRunner.java:415)
at org.testng.SuiteRunner.run(SuiteRunner.java:364)
at org.testng.SuiteRunnerWorker.runSuite(SuiteRunnerWorker.java:52)
at org.testng.SuiteRunnerWorker.run(SuiteRunnerWorker.java:84)
at org.testng.TestNG.runSuitesSequentially(TestNG.java:1208)
at org.testng.TestNG.runSuitesLocally(TestNG.java:1137)
at org.testng.TestNG.runSuites(TestNG.java:1049)
at org.testng.TestNG.run(TestNG.java:1017)
at org.testng.remote.AbstractRemoteTestNG.run(AbstractRemoteTestNG.java:114)
at org.testng.remote.RemoteTestNG.initAndRun(RemoteTestNG.java:251)
at org.testng.remote.RemoteTestNG.main(RemoteTestNG.java:77)
]]>
            </full-stacktrace>
          </exception> <!-- java.lang.AssertionError -->
          <reporter-output>
          </reporter-output>
        </test-method> <!-- checkTitle -->
        <test-method status="PASS" signature="closeDriver()[pri:0, instance:tests.RedBusHomePageTest@443118b0]" name="closeDriver" is-config="true" duration-ms="2812" started-at="2020-08-12T13:12:57Z" finished-at="2020-08-12T13:13:00Z">
          <reporter-output>
          </reporter-output>
        </test-method> <!-- closeDriver -->
      </class> <!-- tests.RedBusHomePageTest -->
      <class name="tests.BusHireTest">
        <test-method status="PASS" signature="launchDriver()[pri:0, instance:tests.BusHireTest@765d7657]" name="launchDriver" is-config="true" duration-ms="4098" started-at="2020-08-12T13:13:00Z" finished-at="2020-08-12T13:13:04Z">
          <reporter-output>
          </reporter-output>
        </test-method> <!-- launchDriver -->
        <test-method status="PASS" signature="launchURL()[pri:0, instance:tests.BusHireTest@765d7657]" name="launchURL" is-config="true" duration-ms="5194" started-at="2020-08-12T13:13:04Z" finished-at="2020-08-12T13:13:09Z">
          <reporter-output>
          </reporter-output>
        </test-method> <!-- launchURL -->
        <test-method status="PASS" signature="clickOnBusHiretab()[pri:0, instance:tests.BusHireTest@765d7657]" name="clickOnBusHiretab" duration-ms="1212" started-at="2020-08-12T13:13:09Z" finished-at="2020-08-12T13:13:10Z">
          <reporter-output>
          </reporter-output>
        </test-method> <!-- clickOnBusHiretab -->
        <test-method status="PASS" signature="closeDriver()[pri:0, instance:tests.BusHireTest@765d7657]" name="closeDriver" is-config="true" duration-ms="2451" started-at="2020-08-12T13:13:10Z" finished-at="2020-08-12T13:13:13Z">
          <reporter-output>
          </reporter-output>
        </test-method> <!-- closeDriver -->
      </class> <!-- tests.BusHireTest -->
    </test> <!-- Test -->
  </suite> <!-- Suite -->
</testng-results>
